2026-02-07 18:28:27.531 [info] Reading sessions from keychain...
2026-02-07 18:28:27.531 [info] Getting sessions for all scopes...
2026-02-07 18:28:27.531 [info] Got 0 sessions for ...
2026-02-07 18:28:27.531 [info] Getting sessions for all scopes...
2026-02-07 18:28:27.531 [info] Got 0 sessions for ...
2026-02-07 18:28:27.531 [info] Getting sessions for all scopes...
2026-02-07 18:28:27.531 [info] Got 0 sessions for ...
2026-02-07 18:28:27.531 [info] Getting sessions for all scopes...
2026-02-07 18:28:27.531 [info] Got 0 sessions for ...
2026-02-07 18:28:27.531 [info] Getting sessions for all scopes...
2026-02-07 18:28:27.531 [info] Got 0 sessions for ...
2026-02-07 18:28:27.531 [info] Getting sessions for all scopes...
2026-02-07 18:28:27.531 [info] Got 0 sessions for ...
2026-02-07 18:28:27.531 [info] Getting sessions for all scopes...
2026-02-07 18:28:27.531 [info] Got 0 sessions for ...
2026-02-07 18:28:27.531 [info] Getting sessions for all scopes...
2026-02-07 18:28:27.531 [info] Got 0 sessions for ...
2026-02-07 18:28:27.531 [info] Getting sessions for all scopes...
2026-02-07 18:28:27.531 [info] Got 0 sessions for ...
2026-02-07 18:28:27.531 [info] Getting sessions for all scopes...
2026-02-07 18:28:27.531 [info] Got 0 sessions for ...
2026-02-07 18:28:27.531 [info] Getting sessions for all scopes...
2026-02-07 18:28:27.531 [info] Got 0 sessions for ...
2026-02-07 18:28:27.531 [info] Getting sessions for all scopes...
2026-02-07 18:28:27.531 [info] Got 0 sessions for ...
2026-02-07 18:28:27.531 [info] Getting sessions for all scopes...
2026-02-07 18:28:27.531 [info] Got 0 sessions for ...
2026-02-07 18:28:27.531 [info] Getting sessions for all scopes...
2026-02-07 18:28:27.531 [info] Got 0 sessions for ...
2026-02-07 18:28:29.453 [info] Getting sessions for all scopes...
2026-02-07 18:28:29.453 [info] Got 0 sessions for ...
2026-02-07 18:28:32.710 [info] Reading sessions from keychain...
2026-02-07 18:28:32.710 [info] Getting sessions for all scopes...
2026-02-07 18:28:32.710 [info] Got 0 sessions for ...
2026-02-07 18:28:32.710 [info] Getting sessions for all scopes...
2026-02-07 18:28:32.710 [info] Got 0 sessions for ...
2026-02-07 18:28:32.710 [info] Getting sessions for all scopes...
2026-02-07 18:28:32.710 [info] Got 0 sessions for ...
2026-02-07 18:28:32.710 [info] Getting sessions for all scopes...
2026-02-07 18:28:32.710 [info] Got 0 sessions for ...
2026-02-07 18:28:32.710 [info] Getting sessions for all scopes...
2026-02-07 18:28:32.710 [info] Got 0 sessions for ...
2026-02-07 18:28:32.710 [info] Getting sessions for all scopes...
2026-02-07 18:28:32.710 [info] Got 0 sessions for ...
2026-02-07 18:28:32.710 [info] Getting sessions for all scopes...
2026-02-07 18:28:32.710 [info] Got 0 sessions for ...
2026-02-07 18:28:32.710 [info] Getting sessions for all scopes...
2026-02-07 18:28:32.710 [info] Got 0 sessions for ...
2026-02-07 18:28:32.710 [info] Getting sessions for all scopes...
2026-02-07 18:28:32.710 [info] Got 0 sessions for ...
2026-02-07 18:28:32.710 [info] Getting sessions for all scopes...
2026-02-07 18:28:32.710 [info] Got 0 sessions for ...
2026-02-07 18:28:32.710 [info] Getting sessions for all scopes...
2026-02-07 18:28:32.710 [info] Got 0 sessions for ...
2026-02-07 18:28:32.710 [info] Getting sessions for all scopes...
2026-02-07 18:28:32.710 [info] Got 0 sessions for ...
2026-02-07 18:28:32.710 [info] Getting sessions for all scopes...
2026-02-07 18:28:32.710 [info] Got 0 sessions for ...
2026-02-07 18:28:32.710 [info] Getting sessions for all scopes...
2026-02-07 18:28:32.710 [info] Got 0 sessions for ...
2026-02-07 18:28:34.600 [info] Getting sessions for all scopes...
2026-02-07 18:28:34.601 [info] Got 0 sessions for ...
2026-02-07 18:29:59.460 [info] Getting sessions for read:user,repo,user:email,workflow...
2026-02-07 18:29:59.460 [info] Got 0 sessions for read:user,repo,user:email,workflow...
