2026-01-18 13:43:13.411 [info] Reading sessions from keychain...
2026-01-18 13:43:13.411 [info] Getting sessions for all scopes...
2026-01-18 13:43:13.411 [info] Got stored sessions!
2026-01-18 13:43:13.411 [info] Got 1 verified sessions.
2026-01-18 13:43:13.411 [info] Got 1 sessions for ...
2026-01-18 13:43:13.411 [info] Getting sessions for all scopes...
2026-01-18 13:43:13.411 [info] Got 1 sessions for ...
2026-01-18 13:43:13.411 [info] Getting sessions for all scopes...
2026-01-18 13:43:13.411 [info] Got 1 sessions for ...
2026-01-18 13:43:13.411 [info] Getting sessions for all scopes...
2026-01-18 13:43:13.411 [info] Got 1 sessions for ...
2026-01-18 13:43:13.411 [info] Getting sessions for all scopes...
2026-01-18 13:43:13.411 [info] Got 1 sessions for ...
2026-01-18 13:43:13.411 [info] Getting sessions for all scopes...
2026-01-18 13:43:13.411 [info] Got 1 sessions for ...
2026-01-18 13:43:13.411 [info] Getting sessions for all scopes...
2026-01-18 13:43:13.411 [info] Got 1 sessions for ...
2026-01-18 13:43:13.411 [info] Getting sessions for all scopes...
2026-01-18 13:43:13.411 [info] Got 1 sessions for ...
2026-01-18 13:43:13.411 [info] Getting sessions for all scopes...
2026-01-18 13:43:13.411 [info] Got 1 sessions for ...
2026-01-18 13:43:13.411 [info] Getting sessions for all scopes...
2026-01-18 13:43:13.411 [info] Got 1 sessions for ...
2026-01-18 13:43:13.411 [info] Getting sessions for all scopes...
2026-01-18 13:43:13.411 [info] Got 1 sessions for ...
2026-01-18 13:43:13.411 [info] Getting sessions for all scopes...
2026-01-18 13:43:13.411 [info] Got 1 sessions for ...
2026-01-18 13:43:13.411 [info] Getting sessions for all scopes...
2026-01-18 13:43:13.411 [info] Got 1 sessions for ...
2026-01-18 13:43:13.411 [info] Getting sessions for all scopes...
2026-01-18 13:43:13.411 [info] Got 1 sessions for ...
2026-01-18 13:43:27.716 [info] Getting sessions for read:user,repo,user:email,workflow...
2026-01-18 13:43:27.716 [info] Got 1 sessions for read:user,repo,user:email,workflow...
2026-01-18 13:43:50.539 [info] Getting sessions for read:user,repo,user:email,workflow...
2026-01-18 13:43:50.539 [info] Got 1 sessions for read:user,repo,user:email,workflow...
2026-01-18 13:45:18.588 [info] Getting sessions for read:user,repo,user:email,workflow...
2026-01-18 13:45:18.588 [info] Got 1 sessions for read:user,repo,user:email,workflow...
2026-01-18 13:45:25.314 [info] Getting sessions for read:user,repo,user:email,workflow...
2026-01-18 13:45:25.314 [info] Got 1 sessions for read:user,repo,user:email,workflow...
2026-01-18 13:45:38.781 [info] Getting sessions for read:user,repo,user:email,workflow...
2026-01-18 13:45:38.781 [info] Got 1 sessions for read:user,repo,user:email,workflow...
2026-01-18 13:45:43.828 [info] Getting sessions for read:user,repo,user:email,workflow...
2026-01-18 13:45:43.828 [info] Got 1 sessions for read:user,repo,user:email,workflow...
