2026-01-18 13:25:36.179 [info] Extension host with pid 47691 started
2026-01-18 13:25:36.189 [info] ExtensionService#_doActivateExtension vscode.github-authentication, startup: false, activationEvent: 'onAuthenticationRequest:github'
2026-01-18 13:25:36.230 [info] ExtensionService#_doActivateExtension vscode.git-base, startup: true, activationEvent: '*', root cause: vscode.git
2026-01-18 13:25:36.236 [info] ExtensionService#_doActivateExtension vscode.git, startup: true, activationEvent: '*'
2026-01-18 13:25:36.309 [info] ExtensionService#_doActivateExtension vscode.github, startup: true, activationEvent: '*'
2026-01-18 13:25:36.389 [info] Eager extensions activated
2026-01-18 13:25:36.390 [info] ExtensionService#_doActivateExtension vscode.debug-auto-launch, startup: false, activationEvent: 'onStartupFinished'
2026-01-18 13:25:36.399 [info] ExtensionService#_doActivateExtension vscode.merge-conflict, startup: false, activationEvent: 'onStartupFinished'
2026-01-18 13:25:36.426 [info] ExtensionService#_doActivateExtension usernamehw.errorlens, startup: false, activationEvent: 'onStartupFinished'
2026-01-18 13:25:43.566 [info] Extension host terminating: renderer closed the MessagePort
2026-01-18 13:25:43.571 [info] Extension host with pid 47691 exiting with code 0
2026-01-18 13:25:44.583 [info] Extension host with pid 47796 started
2026-01-18 13:25:44.583 [info] Skipping acquiring lock for /home/eito/.config/Code - OSS/User/workspaceStorage/7a032299c913d9e734990085a9b85e44.
2026-01-18 13:25:44.593 [info] ExtensionService#_doActivateExtension vscode.github-authentication, startup: false, activationEvent: 'onAuthenticationRequest:github'
2026-01-18 13:25:44.624 [info] ExtensionService#_doActivateExtension vscode.git-base, startup: true, activationEvent: '*', root cause: vscode.git
2026-01-18 13:25:44.629 [info] ExtensionService#_doActivateExtension vscode.git, startup: true, activationEvent: '*'
2026-01-18 13:25:44.675 [info] ExtensionService#_doActivateExtension vscode.github, startup: true, activationEvent: '*'
2026-01-18 13:25:44.752 [info] ExtensionService#_doActivateExtension vscode.emmet, startup: false, activationEvent: 'onLanguage'
2026-01-18 13:25:44.808 [info] Eager extensions activated
2026-01-18 13:25:44.813 [info] ExtensionService#_doActivateExtension vscode.debug-auto-launch, startup: false, activationEvent: 'onStartupFinished'
2026-01-18 13:25:44.815 [info] ExtensionService#_doActivateExtension vscode.merge-conflict, startup: false, activationEvent: 'onStartupFinished'
2026-01-18 13:25:44.832 [info] ExtensionService#_doActivateExtension usernamehw.errorlens, startup: false, activationEvent: 'onStartupFinished'
2026-01-18 13:25:50.830 [info] ExtensionService#_doActivateExtension vscode.terminal-suggest, startup: false, activationEvent: 'onTerminalShellIntegration:*'
2026-01-18 13:27:07.047 [info] ExtensionService#_doActivateExtension vscode.npm, startup: false, activationEvent: 'onTerminalQuickFixRequest:ms-vscode.npm-command'
2026-01-18 13:27:37.718 [info] Extension host terminating: renderer closed the MessagePort
2026-01-18 13:27:37.727 [info] Extension host with pid 47796 exiting with code 0
