2026-01-18 13:48:40.991 [info] Reading sessions from keychain...
2026-01-18 13:48:40.991 [info] Getting sessions for all scopes...
2026-01-18 13:48:40.991 [info] Got stored sessions!
2026-01-18 13:48:40.991 [info] Got 1 verified sessions.
2026-01-18 13:48:40.991 [info] Got 1 sessions for ...
2026-01-18 13:48:40.991 [info] Getting sessions for all scopes...
2026-01-18 13:48:40.991 [info] Got 1 sessions for ...
2026-01-18 13:48:40.991 [info] Getting sessions for all scopes...
2026-01-18 13:48:40.991 [info] Got 1 sessions for ...
2026-01-18 13:48:40.991 [info] Getting sessions for all scopes...
2026-01-18 13:48:40.991 [info] Got 1 sessions for ...
2026-01-18 13:48:40.991 [info] Getting sessions for all scopes...
2026-01-18 13:48:40.991 [info] Got 1 sessions for ...
2026-01-18 13:48:40.991 [info] Getting sessions for all scopes...
2026-01-18 13:48:40.991 [info] Got 1 sessions for ...
2026-01-18 13:48:40.991 [info] Getting sessions for all scopes...
2026-01-18 13:48:40.991 [info] Got 1 sessions for ...
2026-01-18 13:48:40.991 [info] Getting sessions for all scopes...
2026-01-18 13:48:40.991 [info] Got 1 sessions for ...
2026-01-18 13:48:40.991 [info] Getting sessions for all scopes...
2026-01-18 13:48:40.991 [info] Got 1 sessions for ...
2026-01-18 13:48:40.991 [info] Getting sessions for all scopes...
2026-01-18 13:48:40.991 [info] Got 1 sessions for ...
2026-01-18 13:48:40.991 [info] Getting sessions for all scopes...
2026-01-18 13:48:40.991 [info] Got 1 sessions for ...
2026-01-18 13:48:40.991 [info] Getting sessions for all scopes...
2026-01-18 13:48:40.991 [info] Got 1 sessions for ...
2026-01-18 13:48:40.991 [info] Getting sessions for all scopes...
2026-01-18 13:48:40.991 [info] Got 1 sessions for ...
2026-01-18 13:48:40.991 [info] Getting sessions for all scopes...
2026-01-18 13:48:40.991 [info] Got 1 sessions for ...
2026-01-18 13:48:42.894 [info] Getting sessions for all scopes...
2026-01-18 13:48:42.894 [info] Got 1 sessions for ...
2026-01-18 13:48:52.737 [info] Getting sessions for read:user,repo,user:email,workflow...
2026-01-18 13:48:52.737 [info] Got 1 sessions for read:user,repo,user:email,workflow...
2026-01-18 13:49:03.358 [info] Reading sessions from keychain...
2026-01-18 13:49:03.358 [info] Got stored sessions!
2026-01-18 13:49:03.358 [info] Got 1 verified sessions.
2026-01-18 13:49:03.358 [info] Getting sessions for all scopes...
2026-01-18 13:49:03.358 [info] Got 1 sessions for ...
2026-01-18 13:49:03.358 [info] Getting sessions for all scopes...
2026-01-18 13:49:03.358 [info] Got 1 sessions for ...
2026-01-18 13:49:03.358 [info] Getting sessions for all scopes...
2026-01-18 13:49:03.358 [info] Got 1 sessions for ...
2026-01-18 13:49:03.358 [info] Getting sessions for all scopes...
2026-01-18 13:49:03.358 [info] Got 1 sessions for ...
2026-01-18 13:49:03.358 [info] Getting sessions for all scopes...
2026-01-18 13:49:03.358 [info] Got 1 sessions for ...
2026-01-18 13:49:03.358 [info] Getting sessions for all scopes...
2026-01-18 13:49:03.358 [info] Got 1 sessions for ...
2026-01-18 13:49:03.358 [info] Getting sessions for all scopes...
2026-01-18 13:49:03.358 [info] Got 1 sessions for ...
2026-01-18 13:49:03.358 [info] Getting sessions for all scopes...
2026-01-18 13:49:03.358 [info] Got 1 sessions for ...
2026-01-18 13:49:03.358 [info] Getting sessions for all scopes...
2026-01-18 13:49:03.358 [info] Got 1 sessions for ...
2026-01-18 13:49:03.358 [info] Getting sessions for all scopes...
2026-01-18 13:49:03.358 [info] Got 1 sessions for ...
2026-01-18 13:49:03.358 [info] Getting sessions for all scopes...
2026-01-18 13:49:03.358 [info] Got 1 sessions for ...
2026-01-18 13:49:03.358 [info] Getting sessions for all scopes...
2026-01-18 13:49:03.358 [info] Got 1 sessions for ...
2026-01-18 13:49:03.358 [info] Getting sessions for all scopes...
2026-01-18 13:49:03.358 [info] Got 1 sessions for ...
2026-01-18 13:49:03.358 [info] Getting sessions for all scopes...
2026-01-18 13:49:03.358 [info] Got 1 sessions for ...
2026-01-18 13:49:03.587 [info] Getting sessions for read:user,repo,user:email,workflow...
2026-01-18 13:49:03.587 [info] Got 1 sessions for read:user,repo,user:email,workflow...
2026-01-18 13:49:05.260 [info] Getting sessions for all scopes...
2026-01-18 13:49:05.260 [info] Got 1 sessions for ...
2026-01-18 13:49:12.707 [info] Reading sessions from keychain...
2026-01-18 13:49:12.707 [info] Got stored sessions!
2026-01-18 13:49:12.707 [info] Got 1 verified sessions.
2026-01-18 13:49:12.707 [info] Getting sessions for all scopes...
2026-01-18 13:49:12.707 [info] Got 1 sessions for ...
2026-01-18 13:49:12.707 [info] Getting sessions for all scopes...
2026-01-18 13:49:12.707 [info] Got 1 sessions for ...
2026-01-18 13:49:12.707 [info] Getting sessions for all scopes...
2026-01-18 13:49:12.707 [info] Got 1 sessions for ...
2026-01-18 13:49:12.707 [info] Getting sessions for all scopes...
2026-01-18 13:49:12.707 [info] Got 1 sessions for ...
2026-01-18 13:49:12.707 [info] Getting sessions for all scopes...
2026-01-18 13:49:12.707 [info] Got 1 sessions for ...
2026-01-18 13:49:12.707 [info] Getting sessions for all scopes...
2026-01-18 13:49:12.707 [info] Got 1 sessions for ...
2026-01-18 13:49:12.707 [info] Getting sessions for all scopes...
2026-01-18 13:49:12.707 [info] Got 1 sessions for ...
2026-01-18 13:49:12.707 [info] Getting sessions for all scopes...
2026-01-18 13:49:12.707 [info] Got 1 sessions for ...
2026-01-18 13:49:12.707 [info] Getting sessions for all scopes...
2026-01-18 13:49:12.707 [info] Got 1 sessions for ...
2026-01-18 13:49:12.707 [info] Getting sessions for all scopes...
2026-01-18 13:49:12.707 [info] Got 1 sessions for ...
2026-01-18 13:49:12.707 [info] Getting sessions for all scopes...
2026-01-18 13:49:12.707 [info] Got 1 sessions for ...
2026-01-18 13:49:12.707 [info] Getting sessions for all scopes...
2026-01-18 13:49:12.707 [info] Got 1 sessions for ...
2026-01-18 13:49:12.707 [info] Getting sessions for all scopes...
2026-01-18 13:49:12.707 [info] Got 1 sessions for ...
2026-01-18 13:49:12.707 [info] Getting sessions for all scopes...
2026-01-18 13:49:12.707 [info] Got 1 sessions for ...
2026-01-18 13:49:12.964 [info] Getting sessions for read:user,repo,user:email,workflow...
2026-01-18 13:49:12.964 [info] Got 1 sessions for read:user,repo,user:email,workflow...
2026-01-18 13:49:14.697 [info] Getting sessions for all scopes...
2026-01-18 13:49:14.697 [info] Got 1 sessions for ...
