2026-01-18 13:27:47.607 [info] Reading sessions from keychain...
2026-01-18 13:27:47.607 [info] Getting sessions for all scopes...
2026-01-18 13:27:47.607 [info] Got 0 sessions for ...
2026-01-18 13:27:47.607 [info] Getting sessions for all scopes...
2026-01-18 13:27:47.607 [info] Got 0 sessions for ...
2026-01-18 13:27:47.607 [info] Getting sessions for all scopes...
2026-01-18 13:27:47.607 [info] Got 0 sessions for ...
2026-01-18 13:27:47.607 [info] Getting sessions for all scopes...
2026-01-18 13:27:47.607 [info] Got 0 sessions for ...
2026-01-18 13:27:47.607 [info] Getting sessions for all scopes...
2026-01-18 13:27:47.607 [info] Got 0 sessions for ...
2026-01-18 13:27:47.607 [info] Getting sessions for all scopes...
2026-01-18 13:27:47.607 [info] Got 0 sessions for ...
2026-01-18 13:27:47.607 [info] Getting sessions for all scopes...
2026-01-18 13:27:47.607 [info] Got 0 sessions for ...
2026-01-18 13:27:47.607 [info] Getting sessions for all scopes...
2026-01-18 13:27:47.607 [info] Got 0 sessions for ...
2026-01-18 13:27:47.607 [info] Getting sessions for all scopes...
2026-01-18 13:27:47.607 [info] Got 0 sessions for ...
2026-01-18 13:27:47.607 [info] Getting sessions for all scopes...
2026-01-18 13:27:47.607 [info] Got 0 sessions for ...
2026-01-18 13:27:47.607 [info] Getting sessions for all scopes...
2026-01-18 13:27:47.607 [info] Got 0 sessions for ...
2026-01-18 13:27:47.607 [info] Getting sessions for all scopes...
2026-01-18 13:27:47.607 [info] Got 0 sessions for ...
2026-01-18 13:27:47.607 [info] Getting sessions for all scopes...
2026-01-18 13:27:47.607 [info] Got 0 sessions for ...
2026-01-18 13:27:47.607 [info] Getting sessions for all scopes...
2026-01-18 13:27:47.607 [info] Got 0 sessions for ...
2026-01-18 13:27:49.523 [info] Getting sessions for all scopes...
2026-01-18 13:27:49.523 [info] Got 0 sessions for ...
2026-01-18 13:27:54.968 [info] Reading sessions from keychain...
2026-01-18 13:27:54.968 [info] Getting sessions for all scopes...
2026-01-18 13:27:54.968 [info] Got 0 sessions for ...
2026-01-18 13:27:54.968 [info] Getting sessions for all scopes...
2026-01-18 13:27:54.968 [info] Got 0 sessions for ...
2026-01-18 13:27:54.968 [info] Getting sessions for all scopes...
2026-01-18 13:27:54.968 [info] Got 0 sessions for ...
2026-01-18 13:27:54.968 [info] Getting sessions for all scopes...
2026-01-18 13:27:54.968 [info] Got 0 sessions for ...
2026-01-18 13:27:54.968 [info] Getting sessions for all scopes...
2026-01-18 13:27:54.968 [info] Got 0 sessions for ...
2026-01-18 13:27:54.968 [info] Getting sessions for all scopes...
2026-01-18 13:27:54.968 [info] Got 0 sessions for ...
2026-01-18 13:27:54.968 [info] Getting sessions for all scopes...
2026-01-18 13:27:54.968 [info] Got 0 sessions for ...
2026-01-18 13:27:54.968 [info] Getting sessions for all scopes...
2026-01-18 13:27:54.968 [info] Got 0 sessions for ...
2026-01-18 13:27:54.968 [info] Getting sessions for all scopes...
2026-01-18 13:27:54.968 [info] Got 0 sessions for ...
2026-01-18 13:27:54.968 [info] Getting sessions for all scopes...
2026-01-18 13:27:54.968 [info] Got 0 sessions for ...
2026-01-18 13:27:54.968 [info] Getting sessions for all scopes...
2026-01-18 13:27:54.968 [info] Got 0 sessions for ...
2026-01-18 13:27:54.968 [info] Getting sessions for all scopes...
2026-01-18 13:27:54.968 [info] Got 0 sessions for ...
2026-01-18 13:27:54.968 [info] Getting sessions for all scopes...
2026-01-18 13:27:54.968 [info] Got 0 sessions for ...
2026-01-18 13:27:54.968 [info] Getting sessions for all scopes...
2026-01-18 13:27:54.968 [info] Got 0 sessions for ...
2026-01-18 13:27:55.162 [info] Getting sessions for read:user,repo,user:email,workflow...
2026-01-18 13:27:55.162 [info] Got 0 sessions for read:user,repo,user:email,workflow...
2026-01-18 13:27:56.905 [info] Getting sessions for all scopes...
2026-01-18 13:27:56.905 [info] Got 0 sessions for ...
2026-01-18 13:28:22.628 [info] Getting sessions for read:user,repo,user:email,workflow...
2026-01-18 13:28:22.628 [info] Got 0 sessions for read:user,repo,user:email,workflow...
2026-01-18 13:28:25.915 [info] Logging in with 'any' account...
2026-01-18 13:28:25.915 [info] Logging in for the following scopes: read:user repo user:email workflow
2026-01-18 13:28:25.951 [info] Trying device code flow... (read:user repo user:email workflow)
2026-01-18 13:28:58.688 [info] Getting user info...
2026-01-18 13:28:59.094 [info] Got account info!
2026-01-18 13:28:59.095 [info] Storing 1 sessions...
2026-01-18 13:29:08.714 [info] Reading sessions from keychain...
2026-01-18 13:29:08.714 [info] Stored 1 sessions!
2026-01-18 13:29:08.715 [info] Login success!
2026-01-18 13:29:08.721 [info] Got stored sessions!
2026-01-18 13:29:08.722 [info] Got 1 verified sessions.
2026-01-18 13:29:08.722 [info] Getting sessions for all scopes...
2026-01-18 13:29:08.722 [info] Got 1 sessions for ...
2026-01-18 13:29:08.725 [info] Getting sessions for all scopes...
2026-01-18 13:29:08.725 [info] Got 1 sessions for ...
2026-01-18 13:29:08.737 [info] Getting sessions for all scopes...
2026-01-18 13:29:08.737 [info] Got 1 sessions for ...
2026-01-18 13:29:08.738 [info] Getting sessions for all scopes...
2026-01-18 13:29:08.738 [info] Got 1 sessions for ...
2026-01-18 13:29:08.739 [info] Getting sessions for read:user,repo,user:email,workflow...
2026-01-18 13:29:08.739 [info] Got 1 sessions for read:user,repo,user:email,workflow...
2026-01-18 13:29:17.105 [info] Getting sessions for read:user,repo,user:email,workflow...
2026-01-18 13:29:17.105 [info] Got 1 sessions for read:user,repo,user:email,workflow...
2026-01-18 13:29:24.085 [info] Getting sessions for read:user,repo,user:email,workflow...
2026-01-18 13:29:24.085 [info] Got 1 sessions for read:user,repo,user:email,workflow...
2026-01-18 13:29:37.841 [info] Getting sessions for read:user,repo,user:email,workflow...
2026-01-18 13:29:37.841 [info] Got 1 sessions for read:user,repo,user:email,workflow...
2026-01-18 13:29:41.648 [info] Getting sessions for read:user,repo,user:email,workflow...
2026-01-18 13:29:41.648 [info] Got 1 sessions for read:user,repo,user:email,workflow...
