2026-01-18 13:25:36.314 [info] Reading sessions from keychain...
2026-01-18 13:25:36.314 [info] Getting sessions for all scopes...
2026-01-18 13:25:36.314 [info] Got 0 sessions for ...
2026-01-18 13:25:36.314 [info] Getting sessions for all scopes...
2026-01-18 13:25:36.314 [info] Got 0 sessions for ...
2026-01-18 13:25:36.314 [info] Getting sessions for all scopes...
2026-01-18 13:25:36.314 [info] Got 0 sessions for ...
2026-01-18 13:25:36.314 [info] Getting sessions for all scopes...
2026-01-18 13:25:36.314 [info] Got 0 sessions for ...
2026-01-18 13:25:36.314 [info] Getting sessions for all scopes...
2026-01-18 13:25:36.314 [info] Got 0 sessions for ...
2026-01-18 13:25:36.314 [info] Getting sessions for all scopes...
2026-01-18 13:25:36.314 [info] Got 0 sessions for ...
2026-01-18 13:25:36.314 [info] Getting sessions for all scopes...
2026-01-18 13:25:36.314 [info] Got 0 sessions for ...
2026-01-18 13:25:36.314 [info] Getting sessions for all scopes...
2026-01-18 13:25:36.314 [info] Got 0 sessions for ...
2026-01-18 13:25:36.315 [info] Getting sessions for all scopes...
2026-01-18 13:25:36.315 [info] Got 0 sessions for ...
2026-01-18 13:25:36.315 [info] Getting sessions for all scopes...
2026-01-18 13:25:36.315 [info] Got 0 sessions for ...
2026-01-18 13:25:36.315 [info] Getting sessions for all scopes...
2026-01-18 13:25:36.315 [info] Got 0 sessions for ...
2026-01-18 13:25:36.315 [info] Getting sessions for all scopes...
2026-01-18 13:25:36.315 [info] Got 0 sessions for ...
2026-01-18 13:25:36.315 [info] Getting sessions for all scopes...
2026-01-18 13:25:36.315 [info] Got 0 sessions for ...
2026-01-18 13:25:36.315 [info] Getting sessions for all scopes...
2026-01-18 13:25:36.315 [info] Got 0 sessions for ...
2026-01-18 13:25:37.283 [info] Getting sessions for all scopes...
2026-01-18 13:25:37.283 [info] Got 0 sessions for ...
2026-01-18 13:25:44.628 [info] Reading sessions from keychain...
2026-01-18 13:25:44.628 [info] Getting sessions for all scopes...
2026-01-18 13:25:44.628 [info] Got 0 sessions for ...
2026-01-18 13:25:44.628 [info] Getting sessions for all scopes...
2026-01-18 13:25:44.628 [info] Got 0 sessions for ...
2026-01-18 13:25:44.629 [info] Getting sessions for all scopes...
2026-01-18 13:25:44.629 [info] Got 0 sessions for ...
2026-01-18 13:25:44.629 [info] Getting sessions for all scopes...
2026-01-18 13:25:44.629 [info] Got 0 sessions for ...
2026-01-18 13:25:44.629 [info] Getting sessions for all scopes...
2026-01-18 13:25:44.629 [info] Got 0 sessions for ...
2026-01-18 13:25:44.629 [info] Getting sessions for all scopes...
2026-01-18 13:25:44.629 [info] Got 0 sessions for ...
2026-01-18 13:25:44.629 [info] Getting sessions for all scopes...
2026-01-18 13:25:44.629 [info] Got 0 sessions for ...
2026-01-18 13:25:44.629 [info] Getting sessions for all scopes...
2026-01-18 13:25:44.629 [info] Got 0 sessions for ...
2026-01-18 13:25:44.629 [info] Getting sessions for all scopes...
2026-01-18 13:25:44.629 [info] Got 0 sessions for ...
2026-01-18 13:25:44.629 [info] Getting sessions for all scopes...
2026-01-18 13:25:44.629 [info] Got 0 sessions for ...
2026-01-18 13:25:44.629 [info] Getting sessions for all scopes...
2026-01-18 13:25:44.629 [info] Got 0 sessions for ...
2026-01-18 13:25:44.629 [info] Getting sessions for all scopes...
2026-01-18 13:25:44.629 [info] Got 0 sessions for ...
2026-01-18 13:25:44.629 [info] Getting sessions for all scopes...
2026-01-18 13:25:44.629 [info] Got 0 sessions for ...
2026-01-18 13:25:44.629 [info] Getting sessions for all scopes...
2026-01-18 13:25:44.629 [info] Got 0 sessions for ...
2026-01-18 13:25:44.901 [info] Getting sessions for read:user,repo,user:email,workflow...
2026-01-18 13:25:44.901 [info] Got 0 sessions for read:user,repo,user:email,workflow...
2026-01-18 13:25:46.497 [info] Getting sessions for all scopes...
2026-01-18 13:25:46.497 [info] Got 0 sessions for ...
2026-01-18 13:25:54.033 [info] Getting sessions for read:user,repo,user:email,workflow...
2026-01-18 13:25:54.033 [info] Got 0 sessions for read:user,repo,user:email,workflow...
2026-01-18 13:25:58.599 [info] Logging in with 'any' account...
2026-01-18 13:25:58.599 [info] Logging in for the following scopes: read:user repo user:email workflow
2026-01-18 13:25:58.635 [info] Trying device code flow... (read:user repo user:email workflow)
2026-01-18 13:26:57.798 [info] Getting user info...
2026-01-18 13:26:58.167 [info] Got account info!
2026-01-18 13:26:58.168 [info] Storing 1 sessions...
2026-01-18 13:27:05.880 [info] Reading sessions from keychain...
2026-01-18 13:27:05.880 [info] Stored 1 sessions!
2026-01-18 13:27:05.881 [info] Login success!
2026-01-18 13:27:05.884 [info] Got stored sessions!
2026-01-18 13:27:05.884 [info] Got 1 verified sessions.
2026-01-18 13:27:05.884 [info] Getting sessions for all scopes...
2026-01-18 13:27:05.884 [info] Got 1 sessions for ...
2026-01-18 13:27:05.886 [info] Getting sessions for all scopes...
2026-01-18 13:27:05.886 [info] Got 1 sessions for ...
2026-01-18 13:27:05.890 [info] Getting sessions for all scopes...
2026-01-18 13:27:05.890 [info] Got 1 sessions for ...
2026-01-18 13:27:05.891 [info] Getting sessions for all scopes...
2026-01-18 13:27:05.891 [info] Got 1 sessions for ...
2026-01-18 13:27:05.891 [info] Getting sessions for read:user,repo,user:email,workflow...
2026-01-18 13:27:05.891 [info] Got 1 sessions for read:user,repo,user:email,workflow...
2026-01-18 13:27:20.622 [info] Getting sessions for read:user,repo,user:email,workflow...
2026-01-18 13:27:20.622 [info] Got 1 sessions for read:user,repo,user:email,workflow...
