2026-01-18 13:48:40.868 [info] Extension host with pid 4936 started
2026-01-18 13:48:40.880 [info] ExtensionService#_doActivateExtension vscode.github-authentication, startup: false, activationEvent: 'onAuthenticationRequest:github'
2026-01-18 13:48:40.915 [info] ExtensionService#_doActivateExtension vscode.git-base, startup: true, activationEvent: '*', root cause: vscode.git
2026-01-18 13:48:40.921 [info] ExtensionService#_doActivateExtension vscode.git, startup: true, activationEvent: '*'
2026-01-18 13:48:40.969 [info] ExtensionService#_doActivateExtension vscode.github, startup: true, activationEvent: '*'
2026-01-18 13:48:41.042 [info] Eager extensions activated
2026-01-18 13:48:41.085 [info] ExtensionService#_doActivateExtension vscode.debug-auto-launch, startup: false, activationEvent: 'onStartupFinished'
2026-01-18 13:48:41.087 [info] ExtensionService#_doActivateExtension vscode.merge-conflict, startup: false, activationEvent: 'onStartupFinished'
2026-01-18 13:48:41.105 [info] ExtensionService#_doActivateExtension usernamehw.errorlens, startup: false, activationEvent: 'onStartupFinished'
2026-01-18 13:48:44.345 [info] ExtensionService#_doActivateExtension vscode.terminal-suggest, startup: false, activationEvent: 'onTerminalShellIntegration:*'
2026-01-18 13:49:02.238 [info] Extension host terminating: renderer closed the MessagePort
2026-01-18 13:49:02.245 [info] Extension host with pid 4936 exiting with code 0
2026-01-18 13:49:03.231 [info] Extension host with pid 5227 started
2026-01-18 13:49:03.231 [info] Skipping acquiring lock for /home/eito/.config/Code - OSS/User/workspaceStorage/15ead4c393ee7a5a13218fc568e2f41c.
2026-01-18 13:49:03.272 [info] ExtensionService#_doActivateExtension vscode.github-authentication, startup: false, activationEvent: 'onAuthenticationRequest:github'
2026-01-18 13:49:03.296 [info] ExtensionService#_doActivateExtension vscode.emmet, startup: false, activationEvent: 'onLanguage'
2026-01-18 13:49:03.354 [info] ExtensionService#_doActivateExtension vscode.git-base, startup: true, activationEvent: '*', root cause: vscode.git
2026-01-18 13:49:03.359 [info] ExtensionService#_doActivateExtension vscode.git, startup: true, activationEvent: '*'
2026-01-18 13:49:03.405 [info] ExtensionService#_doActivateExtension vscode.github, startup: true, activationEvent: '*'
2026-01-18 13:49:03.521 [info] Eager extensions activated
2026-01-18 13:49:03.532 [info] ExtensionService#_doActivateExtension vscode.debug-auto-launch, startup: false, activationEvent: 'onStartupFinished'
2026-01-18 13:49:03.533 [info] ExtensionService#_doActivateExtension vscode.merge-conflict, startup: false, activationEvent: 'onStartupFinished'
2026-01-18 13:49:03.550 [info] ExtensionService#_doActivateExtension usernamehw.errorlens, startup: false, activationEvent: 'onStartupFinished'
2026-01-18 13:49:11.831 [info] Extension host terminating: renderer closed the MessagePort
2026-01-18 13:49:11.837 [info] Extension host with pid 5227 exiting with code 0
2026-01-18 13:49:12.661 [info] Extension host with pid 5326 started
2026-01-18 13:49:12.661 [info] Skipping acquiring lock for /home/eito/.config/Code - OSS/User/workspaceStorage/8d75500f34584aebe4860732a9854dae.
2026-01-18 13:49:12.671 [info] ExtensionService#_doActivateExtension vscode.github-authentication, startup: false, activationEvent: 'onAuthenticationRequest:github'
2026-01-18 13:49:12.702 [info] ExtensionService#_doActivateExtension vscode.git-base, startup: true, activationEvent: '*', root cause: vscode.git
2026-01-18 13:49:12.707 [info] ExtensionService#_doActivateExtension vscode.git, startup: true, activationEvent: '*'
2026-01-18 13:49:12.752 [info] ExtensionService#_doActivateExtension vscode.github, startup: true, activationEvent: '*'
2026-01-18 13:49:12.836 [info] ExtensionService#_doActivateExtension vscode.emmet, startup: false, activationEvent: 'onLanguage'
2026-01-18 13:49:12.870 [info] Eager extensions activated
2026-01-18 13:49:12.874 [info] ExtensionService#_doActivateExtension vscode.debug-auto-launch, startup: false, activationEvent: 'onStartupFinished'
2026-01-18 13:49:12.875 [info] ExtensionService#_doActivateExtension vscode.merge-conflict, startup: false, activationEvent: 'onStartupFinished'
2026-01-18 13:49:12.892 [info] ExtensionService#_doActivateExtension usernamehw.errorlens, startup: false, activationEvent: 'onStartupFinished'
