2026-02-07 18:19:48.718 [info] [main] Log level: Info
2026-02-07 18:19:48.718 [info] [main] Validating found git in: "git"
2026-02-07 18:19:48.718 [info] [main] Using git "2.53.0" from "git"
2026-02-07 18:19:48.718 [info] [Model][doInitialScan] Initial repository scan started
2026-02-07 18:19:48.718 [info] [Model][doInitialScan] Initial repository scan completed - repositories (0), closed repositories (0), parent repositories (0), unsafe repositories (0)
2026-02-07 18:19:56.250 [info] [main] Log level: Info
2026-02-07 18:19:56.250 [info] [main] Validating found git in: "git"
2026-02-07 18:19:56.250 [info] [main] Using git "2.53.0" from "git"
2026-02-07 18:19:56.250 [info] [Model][doInitialScan] Initial repository scan started
2026-02-07 18:19:56.250 [info] > git rev-parse --show-toplevel [7ms]
2026-02-07 18:19:56.250 [info] fatal: not a git repository (or any of the parent directories): .git
2026-02-07 18:19:56.269 [info] > git rev-parse --show-toplevel [16ms]
2026-02-07 18:19:56.269 [info] fatal: not a git repository (or any of the parent directories): .git
2026-02-07 18:19:56.272 [info] > git rev-parse --show-toplevel [1ms]
2026-02-07 18:19:56.272 [info] fatal: not a git repository (or any of the parent directories): .git
2026-02-07 18:19:56.273 [info] [Model][doInitialScan] Initial repository scan completed - repositories (0), closed repositories (0), parent repositories (0), unsafe repositories (0)
2026-02-07 18:19:56.846 [info] > git rev-parse --show-toplevel [1ms]
2026-02-07 18:19:56.846 [info] fatal: not a git repository (or any of the parent directories): .git
2026-02-07 18:19:57.526 [info] > git rev-parse --show-toplevel [2ms]
2026-02-07 18:19:57.526 [info] fatal: not a git repository (or any of the parent directories): .git
2026-02-07 18:19:59.856 [info] > git rev-parse --show-toplevel [1ms]
2026-02-07 18:19:59.856 [info] fatal: not a git repository (or any of the parent directories): .git
2026-02-07 18:20:00.984 [info] > git rev-parse --show-toplevel [1ms]
2026-02-07 18:20:00.984 [info] fatal: not a git repository (or any of the parent directories): .git
