2026-01-18 13:48:41.034 [info] [main] Log level: Info
2026-01-18 13:48:41.034 [info] [main] Validating found git in: "git"
2026-01-18 13:48:41.034 [info] [main] Using git "2.52.0" from "git"
2026-01-18 13:48:41.034 [info] [Model][doInitialScan] Initial repository scan started
2026-01-18 13:48:41.034 [info] [Model][doInitialScan] Initial repository scan completed - repositories (0), closed repositories (0), parent repositories (0), unsafe repositories (0)
2026-01-18 13:49:03.456 [info] [main] Log level: Info
2026-01-18 13:49:03.456 [info] [main] Validating found git in: "git"
2026-01-18 13:49:03.456 [info] [main] Using git "2.52.0" from "git"
2026-01-18 13:49:03.456 [info] [Model][doInitialScan] Initial repository scan started
2026-01-18 13:49:03.456 [info] > git rev-parse --show-toplevel [10ms]
2026-01-18 13:49:03.456 [info] fatal: not a git repository (or any parent up to mount point /)
Stopping at filesystem boundary (GIT_DISCOVERY_ACROSS_FILESYSTEM not set).
2026-01-18 13:49:03.457 [info] > git rev-parse --show-toplevel [1ms]
2026-01-18 13:49:03.457 [info] fatal: not a git repository (or any parent up to mount point /)
Stopping at filesystem boundary (GIT_DISCOVERY_ACROSS_FILESYSTEM not set).
2026-01-18 13:49:03.460 [info] > git rev-parse --show-toplevel [1ms]
2026-01-18 13:49:03.464 [info] > git rev-parse --git-dir --git-common-dir --show-superproject-working-tree [1ms]
2026-01-18 13:49:03.474 [info] [Model][openRepository] Opened repository (path): /home/eito/projs/i3wm-dotfiles
2026-01-18 13:49:03.474 [info] [Model][openRepository] Opened repository (real path): /home/eito/projs/i3wm-dotfiles
2026-01-18 13:49:03.474 [info] [Model][openRepository] Opened repository (kind): repository
2026-01-18 13:49:03.476 [info] [Model][doInitialScan] Initial repository scan completed - repositories (1), closed repositories (0), parent repositories (0), unsafe repositories (0)
2026-01-18 13:49:03.483 [info] > git config --get commit.template [5ms]
2026-01-18 13:49:03.487 [info] > git for-each-ref --format=%(refname)%00%(upstream:short)%00%(objectname)%00%(upstream:track)%00%(upstream:remotename)%00%(upstream:remoteref) refs/heads/main refs/remotes/main [1ms]
2026-01-18 13:49:03.489 [warning] [Git][revParse] Unable to read file: ENOENT: no such file or directory, open '/home/eito/projs/i3wm-dotfiles/.git/refs/remotes/origin/main'
2026-01-18 13:49:03.490 [info] > git rev-parse refs/remotes/origin/main [1ms]
2026-01-18 13:49:03.496 [info] > git status -z -uall [3ms]
2026-01-18 13:49:03.497 [info] > git for-each-ref --sort -committerdate --format %(refname)%00%(objectname)%00%(*objectname) [1ms]
2026-01-18 13:49:03.522 [info] > git for-each-ref --format=%(refname)%00%(upstream:short)%00%(objectname)%00%(upstream:track)%00%(upstream:remotename)%00%(upstream:remoteref) refs/heads/main refs/remotes/main [9ms]
2026-01-18 13:49:03.528 [info] > git config --get --local branch.main.vscode-merge-base [4ms]
2026-01-18 13:49:03.528 [warning] [Git][config] git config failed: Failed to execute git
2026-01-18 13:49:03.556 [info] > git reflog main --grep-reflog=branch: Created from *. [25ms]
2026-01-18 13:49:03.558 [info] > git config --get commit.template [30ms]
2026-01-18 13:49:03.566 [info] > git symbolic-ref --short refs/remotes/origin/HEAD [8ms]
2026-01-18 13:49:03.571 [info] > git for-each-ref --format=%(refname)%00%(upstream:short)%00%(objectname)%00%(upstream:track)%00%(upstream:remotename)%00%(upstream:remoteref) refs/heads/origin/main refs/remotes/origin/main [3ms]
2026-01-18 13:49:03.575 [info] > git config --add --local branch.main.vscode-merge-base origin/main [1ms]
2026-01-18 13:49:03.576 [info] > git for-each-ref --format=%(refname)%00%(upstream:short)%00%(objectname)%00%(upstream:track)%00%(upstream:remotename)%00%(upstream:remoteref) refs/heads/main refs/remotes/main [5ms]
2026-01-18 13:49:03.580 [warning] [Git][revParse] Unable to read file: ENOENT: no such file or directory, open '/home/eito/projs/i3wm-dotfiles/.git/refs/remotes/origin/main'
2026-01-18 13:49:03.580 [info] > git config --get commit.template [2ms]
2026-01-18 13:49:03.582 [info] > git rev-parse refs/remotes/origin/main [3ms]
2026-01-18 13:49:03.584 [info] > git for-each-ref --format=%(refname)%00%(upstream:short)%00%(objectname)%00%(upstream:track)%00%(upstream:remotename)%00%(upstream:remoteref) refs/heads/main refs/remotes/main [2ms]
2026-01-18 13:49:03.586 [warning] [Git][revParse] Unable to read file: ENOENT: no such file or directory, open '/home/eito/projs/i3wm-dotfiles/.git/refs/remotes/origin/main'
2026-01-18 13:49:03.587 [info] > git rev-parse refs/remotes/origin/main [1ms]
2026-01-18 13:49:03.591 [info] > git status -z -uall [2ms]
2026-01-18 13:49:03.592 [info] > git for-each-ref --sort -committerdate --format %(refname)%00%(objectname)%00%(*objectname) [1ms]
2026-01-18 13:49:03.601 [info] > git merge-base refs/heads/main refs/remotes/origin/main [4ms]
2026-01-18 13:49:03.605 [info] > git diff --name-status -z --diff-filter=ADMR --find-renames=50% 2cd6506c6e8f82d6132a83063eafb1cbbde21d19...refs/remotes/origin/main -- [2ms]
2026-01-18 13:49:03.605 [info] > git merge-base refs/heads/main refs/remotes/origin/main [5ms]
2026-01-18 13:49:03.608 [info] > git diff --name-status -z --diff-filter=ADMR --find-renames=50% 2cd6506c6e8f82d6132a83063eafb1cbbde21d19...refs/remotes/origin/main -- [1ms]
2026-01-18 13:49:04.644 [info] > git rev-parse --show-toplevel [1ms]
2026-01-18 13:49:04.644 [info] fatal: not a git repository (or any parent up to mount point /)
Stopping at filesystem boundary (GIT_DISCOVERY_ACROSS_FILESYSTEM not set).
2026-01-18 13:49:04.657 [info] > git config --get commit.template [2ms]
2026-01-18 13:49:04.658 [info] > git for-each-ref --format=%(refname)%00%(upstream:short)%00%(objectname)%00%(upstream:track)%00%(upstream:remotename)%00%(upstream:remoteref) refs/heads/main refs/remotes/main [1ms]
2026-01-18 13:49:04.660 [warning] [Git][revParse] Unable to read file: ENOENT: no such file or directory, open '/home/eito/projs/i3wm-dotfiles/.git/refs/remotes/origin/main'
2026-01-18 13:49:04.660 [info] > git rev-parse refs/remotes/origin/main [0ms]
2026-01-18 13:49:04.665 [info] > git status -z -uall [3ms]
2026-01-18 13:49:04.665 [info] > git for-each-ref --sort -committerdate --format %(refname)%00%(objectname)%00%(*objectname) [1ms]
2026-01-18 13:49:05.260 [info] > git rev-parse --show-toplevel [1ms]
2026-01-18 13:49:05.260 [info] fatal: not a git repository (or any parent up to mount point /)
Stopping at filesystem boundary (GIT_DISCOVERY_ACROSS_FILESYSTEM not set).
2026-01-18 13:49:12.807 [info] [main] Log level: Info
2026-01-18 13:49:12.807 [info] [main] Validating found git in: "git"
2026-01-18 13:49:12.807 [info] [main] Using git "2.52.0" from "git"
2026-01-18 13:49:12.807 [info] [Model][doInitialScan] Initial repository scan started
2026-01-18 13:49:12.807 [info] > git rev-parse --show-toplevel [12ms]
2026-01-18 13:49:12.811 [info] > git rev-parse --git-dir --git-common-dir --show-superproject-working-tree [2ms]
2026-01-18 13:49:12.825 [info] [Model][openRepository] Opened repository (path): /home/eito/projs/i3wm-dotfiles
2026-01-18 13:49:12.825 [info] [Model][openRepository] Opened repository (real path): /home/eito/projs/i3wm-dotfiles
2026-01-18 13:49:12.825 [info] [Model][openRepository] Opened repository (kind): repository
2026-01-18 13:49:12.828 [info] [Model][doInitialScan] Initial repository scan completed - repositories (1), closed repositories (0), parent repositories (0), unsafe repositories (0)
2026-01-18 13:49:12.836 [info] > git config --get commit.template [4ms]
2026-01-18 13:49:12.872 [info] > git for-each-ref --format=%(refname)%00%(upstream:short)%00%(objectname)%00%(upstream:track)%00%(upstream:remotename)%00%(upstream:remoteref) refs/heads/main refs/remotes/main [7ms]
2026-01-18 13:49:12.899 [warning] [Git][revParse] Unable to read file: ENOENT: no such file or directory, open '/home/eito/projs/i3wm-dotfiles/.git/refs/remotes/origin/main'
2026-01-18 13:49:12.909 [info] > git rev-parse refs/remotes/origin/main [10ms]
2026-01-18 13:49:12.916 [info] > git status -z -uall [5ms]
2026-01-18 13:49:12.916 [info] > git for-each-ref --sort -committerdate --format %(refname)%00%(objectname)%00%(*objectname) [2ms]
2026-01-18 13:49:12.938 [info] > git for-each-ref --format=%(refname)%00%(upstream:short)%00%(objectname)%00%(upstream:track)%00%(upstream:remotename)%00%(upstream:remoteref) refs/heads/main refs/remotes/main [5ms]
2026-01-18 13:49:12.942 [info] > git config --get --local branch.main.vscode-merge-base [2ms]
2026-01-18 13:49:12.944 [info] > git config --get commit.template [7ms]
2026-01-18 13:49:12.947 [info] > git for-each-ref --format=%(refname)%00%(upstream:short)%00%(objectname)%00%(upstream:track)%00%(upstream:remotename)%00%(upstream:remoteref) refs/heads/origin/main refs/remotes/origin/main [3ms]
2026-01-18 13:49:12.950 [info] > git for-each-ref --format=%(refname)%00%(upstream:short)%00%(objectname)%00%(upstream:track)%00%(upstream:remotename)%00%(upstream:remoteref) refs/heads/main refs/remotes/main [4ms]
2026-01-18 13:49:12.952 [warning] [Git][revParse] Unable to read file: ENOENT: no such file or directory, open '/home/eito/projs/i3wm-dotfiles/.git/refs/remotes/origin/main'
2026-01-18 13:49:12.953 [info] > git merge-base refs/heads/main refs/remotes/origin/main [4ms]
2026-01-18 13:49:12.955 [info] > git rev-parse refs/remotes/origin/main [3ms]
2026-01-18 13:49:12.959 [info] > git status -z -uall [2ms]
2026-01-18 13:49:12.960 [info] > git diff --name-status -z --diff-filter=ADMR --find-renames=50% 2cd6506c6e8f82d6132a83063eafb1cbbde21d19...refs/remotes/origin/main -- [5ms]
2026-01-18 13:49:12.960 [info] > git for-each-ref --sort -committerdate --format %(refname)%00%(objectname)%00%(*objectname) [1ms]
2026-01-18 13:49:13.351 [info] > git check-ignore -v -z --stdin [4ms]
