2026-01-18 13:27:47.690 [info] [main] Log level: Info
2026-01-18 13:27:47.690 [info] [main] Validating found git in: "git"
2026-01-18 13:27:47.690 [info] [main] Using git "2.52.0" from "git"
2026-01-18 13:27:47.690 [info] [Model][doInitialScan] Initial repository scan started
2026-01-18 13:27:47.690 [info] [Model][doInitialScan] Initial repository scan completed - repositories (0), closed repositories (0), parent repositories (0), unsafe repositories (0)
2026-01-18 13:27:55.012 [info] [main] Log level: Info
2026-01-18 13:27:55.012 [info] [main] Validating found git in: "git"
2026-01-18 13:27:55.012 [info] [main] Using git "2.52.0" from "git"
2026-01-18 13:27:55.012 [info] [Model][doInitialScan] Initial repository scan started
2026-01-18 13:27:55.012 [info] > git rev-parse --show-toplevel [8ms]
2026-01-18 13:27:55.015 [info] > git rev-parse --git-dir --git-common-dir --show-superproject-working-tree [1ms]
2026-01-18 13:27:55.025 [info] [Model][openRepository] Opened repository (path): /home/eito/projs/dotfiles
2026-01-18 13:27:55.025 [info] [Model][openRepository] Opened repository (real path): /home/eito/projs/dotfiles
2026-01-18 13:27:55.025 [info] [Model][openRepository] Opened repository (kind): repository
2026-01-18 13:27:55.033 [info] > git rev-parse --show-toplevel [2ms]
2026-01-18 13:27:55.033 [info] > git config --get commit.template [4ms]
2026-01-18 13:27:55.072 [info] > git rev-parse --show-toplevel [20ms]
2026-01-18 13:27:55.075 [info] > git for-each-ref --format=%(refname)%00%(upstream:short)%00%(objectname)%00%(upstream:track)%00%(upstream:remotename)%00%(upstream:remoteref) refs/heads/main refs/remotes/main [10ms]
2026-01-18 13:27:55.103 [info] > git rev-parse --show-toplevel [28ms]
2026-01-18 13:27:55.113 [info] > git rev-parse --show-toplevel [1ms]
2026-01-18 13:27:55.121 [info] > git status -z -uall [6ms]
2026-01-18 13:27:55.121 [info] > git rev-parse --show-toplevel [2ms]
2026-01-18 13:27:55.121 [info] [Model][doInitialScan] Initial repository scan completed - repositories (1), closed repositories (0), parent repositories (0), unsafe repositories (0)
2026-01-18 13:27:55.121 [info] > git for-each-ref --sort -committerdate --format %(refname)%00%(objectname)%00%(*objectname) [3ms]
2026-01-18 13:27:55.140 [info] > git for-each-ref --format=%(refname)%00%(upstream:short)%00%(objectname)%00%(upstream:track)%00%(upstream:remotename)%00%(upstream:remoteref) refs/heads/main refs/remotes/main [4ms]
2026-01-18 13:27:55.143 [info] > git config --get --local branch.main.vscode-merge-base [1ms]
2026-01-18 13:27:55.145 [info] > git config --get commit.template [5ms]
2026-01-18 13:27:55.148 [info] > git for-each-ref --format=%(refname)%00%(upstream:short)%00%(objectname)%00%(upstream:track)%00%(upstream:remotename)%00%(upstream:remoteref) refs/heads/origin/main refs/remotes/origin/main [3ms]
2026-01-18 13:27:55.151 [info] > git for-each-ref --format=%(refname)%00%(upstream:short)%00%(objectname)%00%(upstream:track)%00%(upstream:remotename)%00%(upstream:remoteref) refs/heads/main refs/remotes/main [4ms]
2026-01-18 13:27:55.151 [info] > git merge-base refs/heads/main refs/remotes/origin/main [1ms]
2026-01-18 13:27:55.158 [info] > git status -z -uall [3ms]
2026-01-18 13:27:55.158 [info] > git diff --name-status -z --diff-filter=ADMR --find-renames=50% fbafa8eb9390e343064c3c06905ddd359f4d0fc8...refs/remotes/origin/main -- [5ms]
2026-01-18 13:27:55.159 [info] > git for-each-ref --sort -committerdate --format %(refname)%00%(objectname)%00%(*objectname) [1ms]
2026-01-18 13:28:15.387 [info] > git config --get commit.template [3ms]
2026-01-18 13:28:15.388 [info] > git for-each-ref --format=%(refname)%00%(upstream:short)%00%(objectname)%00%(upstream:track)%00%(upstream:remotename)%00%(upstream:remoteref) refs/heads/main refs/remotes/main [0ms]
2026-01-18 13:28:15.392 [info] > git status -z -uall [2ms]
2026-01-18 13:28:15.392 [info] > git for-each-ref --sort -committerdate --format %(refname)%00%(objectname)%00%(*objectname) [0ms]
2026-01-18 13:29:38.438 [info] > git config --get commit.template [12ms]
2026-01-18 13:29:38.440 [info] > git for-each-ref --format=%(refname)%00%(upstream:short)%00%(objectname)%00%(upstream:track)%00%(upstream:remotename)%00%(upstream:remoteref) refs/heads/main refs/remotes/main [5ms]
2026-01-18 13:29:38.462 [info] > git status -z -uall [12ms]
2026-01-18 13:29:38.464 [info] > git for-each-ref --sort -committerdate --format %(refname)%00%(objectname)%00%(*objectname) [4ms]
2026-01-18 13:29:43.490 [info] > git config --get commit.template [4ms]
2026-01-18 13:29:43.490 [info] > git for-each-ref --format=%(refname)%00%(upstream:short)%00%(objectname)%00%(upstream:track)%00%(upstream:remotename)%00%(upstream:remoteref) refs/heads/main refs/remotes/main [1ms]
2026-01-18 13:29:43.495 [info] > git status -z -uall [3ms]
2026-01-18 13:29:43.496 [info] > git for-each-ref --sort -committerdate --format %(refname)%00%(objectname)%00%(*objectname) [1ms]
2026-01-18 13:29:43.501 [info] > git merge-base refs/heads/main refs/remotes/origin/main [2ms]
2026-01-18 13:29:43.504 [info] > git diff --name-status -z --diff-filter=ADMR --find-renames=50% fbafa8eb9390e343064c3c06905ddd359f4d0fc8...refs/remotes/origin/main -- [1ms]
