2026-01-18 13:06:51.124 [info] [main] Log level: Info
2026-01-18 13:06:51.124 [info] [main] Validating found git in: "git"
2026-01-18 13:06:51.124 [info] [main] Using git "2.52.0" from "git"
2026-01-18 13:06:51.124 [info] [Model][doInitialScan] Initial repository scan started
2026-01-18 13:06:51.124 [info] > git rev-parse --show-toplevel [1ms]
2026-01-18 13:06:51.124 [info] fatal: not a git repository (or any parent up to mount point /)
Stopping at filesystem boundary (GIT_DISCOVERY_ACROSS_FILESYSTEM not set).
2026-01-18 13:06:51.124 [info] [Model][doInitialScan] Initial repository scan completed - repositories (0), closed repositories (0), parent repositories (0), unsafe repositories (0)
2026-01-18 13:06:56.165 [info] [main] Log level: Info
2026-01-18 13:06:56.165 [info] [main] Validating found git in: "git"
2026-01-18 13:06:56.165 [info] [main] Using git "2.52.0" from "git"
2026-01-18 13:06:56.165 [info] [Model][doInitialScan] Initial repository scan started
2026-01-18 13:06:56.165 [info] > git rev-parse --show-toplevel [10ms]
2026-01-18 13:06:56.165 [info] fatal: not a git repository (or any parent up to mount point /)
Stopping at filesystem boundary (GIT_DISCOVERY_ACROSS_FILESYSTEM not set).
2026-01-18 13:06:56.166 [info] > git rev-parse --show-toplevel [0ms]
2026-01-18 13:06:56.166 [info] fatal: not a git repository (or any parent up to mount point /)
Stopping at filesystem boundary (GIT_DISCOVERY_ACROSS_FILESYSTEM not set).
2026-01-18 13:06:56.166 [info] [Model][doInitialScan] Initial repository scan completed - repositories (0), closed repositories (0), parent repositories (0), unsafe repositories (0)
2026-01-18 13:06:57.986 [info] > git rev-parse --show-toplevel [1ms]
2026-01-18 13:06:57.986 [info] fatal: not a git repository (or any parent up to mount point /)
Stopping at filesystem boundary (GIT_DISCOVERY_ACROSS_FILESYSTEM not set).
